SF:C:\Users\HP\tools\pkgs\coverage\lib\src\util.dart
DA:14,4
DA:18,4
DA:20,3
DA:23,5
DA:25,2
DA:26,1
DA:27,1
DA:28,2
DA:32,8
DA:35,4
DA:38,1
DA:49,6
DA:50,6
DA:53,6
DA:55,12
DA:61,4
DA:65,8
DA:69,0
DA:73,4
DA:75,4
DA:79,9
DA:80,9
DA:81,9
DA:82,9
DA:106,3
DA:107,3
DA:110,3
DA:111,6
DA:116,6
DA:117,9
DA:119,9
DA:120,1
DA:121,2
DA:125,21
DA:127,9
DA:130,3
DA:131,6
DA:132,9
DA:133,9
DA:134,2
DA:135,1
DA:141,9
DA:142,12
DA:146,3
DA:150,2
DA:151,1
DA:156,3
DA:167,1
DA:168,3
DA:171,5
DA:173,5
DA:174,10
DA:175,5
DA:176,5
DA:178,5
DA:182,5
DA:185,5
DA:186,11
LF:58
LH:57
LF:58
LH:57
Coverage: 98.28%
end_of_record
SF:C:\Users\HP\tools\pkgs\coverage\lib\src\chrome.dart
DA:23,0
DA:29,0
DA:30,0
DA:31,0
DA:33,0
DA:38,0
DA:39,0
DA:42,0
DA:46,0
DA:49,0
DA:50,0
DA:51,0
DA:53,0
DA:54,0
DA:55,0
DA:57,0
DA:60,0
DA:62,0
DA:64,0
DA:66,0
DA:67,0
DA:68,0
DA:69,0
DA:70,0
DA:75,0
DA:76,0
DA:77,0
DA:78,0
DA:79,0
DA:81,0
DA:84,0
DA:85,0
DA:86,0
DA:88,0
DA:92,0
DA:99,0
DA:100,0
DA:101,0
DA:104,0
DA:106,0
DA:112,0
DA:113,0
DA:115,0
DA:117,0
DA:118,0
DA:119,0
DA:120,0
DA:121,0
DA:129,0
DA:130,0
DA:134,0
DA:135,0
DA:137,0
DA:138,0
DA:139,0
DA:147,0
DA:160,0
DA:165,0
DA:166,0
DA:168,0
DA:170,0
LF:61
LH:0
LF:61
LH:0
Coverage: 0.00%
end_of_record
SF:C:\Users\HP\tools\pkgs\coverage\lib\src\collect.dart
DA:58,4
DA:76,18
DA:77,3
DA:79,6
DA:82,6
DA:83,3
DA:84,12
DA:85,3
DA:86,3
DA:88,9
DA:89,6
DA:90,6
DA:91,0
DA:94,0
DA:101,4
DA:113,0
DA:119,0
DA:123,4
DA:127,4
DA:136,4
DA:138,4
DA:140,2
DA:143,4
DA:150,4
DA:151,2
DA:156,4
DA:158,4
DA:159,4
DA:164,4
DA:165,4
DA:169,4
DA:170,8
DA:174,1
DA:178,4
DA:186,4
DA:190,3
DA:191,3
DA:193,3
DA:195,6
DA:196,3
DA:198,3
DA:199,1
DA:203,4
DA:206,0
DA:207,0
DA:208,0
DA:209,0
DA:213,0
DA:214,0
DA:215,0
DA:216,0
DA:221,0
DA:231,2
DA:235,4
DA:236,2
DA:237,6
DA:238,4
DA:239,4
DA:242,6
DA:243,6
DA:245,2
DA:252,4
DA:260,4
DA:261,4
DA:265,2
DA:269,2
DA:270,2
DA:271,6
DA:273,2
DA:276,8
DA:278,2
DA:279,6
DA:280,4
DA:283,2
DA:287,4
DA:291,2
DA:293,2
DA:294,2
DA:297,0
DA:298,0
DA:299,0
DA:303,6
DA:304,4
DA:305,6
DA:308,12
DA:309,12
DA:310,4
DA:311,4
DA:317,4
DA:325,4
DA:328,8
DA:331,8
DA:334,4
DA:338,2
DA:343,2
DA:344,2
DA:345,2
DA:347,6
DA:348,2
DA:349,6
DA:350,2
DA:353,2
DA:354,6
DA:356,6
DA:357,2
DA:358,6
DA:359,2
DA:367,4
DA:371,4
DA:373,8
DA:374,4
DA:379,4
DA:380,6
DA:384,12
DA:385,8
DA:386,2
DA:387,8
DA:388,4
DA:391,12
DA:392,12
DA:393,2
DA:395,8
DA:396,6
DA:399,4
DA:401,4
DA:402,6
DA:403,4
DA:405,6
DA:406,6
DA:412,4
DA:413,8
DA:414,8
DA:420,16
DA:423,2
DA:425,2
DA:426,0
DA:428,2
DA:429,2
DA:430,6
DA:431,8
DA:433,2
DA:437,0
DA:438,0
DA:440,0
DA:441,0
DA:445,4
DA:450,4
DA:452,2
DA:453,4
DA:455,4
DA:456,2
LF:151
LH:130
LF:151
LH:130
Coverage: 86.09%
end_of_record
SF:C:\Users\HP\tools\pkgs\coverage\lib\src\formatter.dart
DA:32,1
DA:38,1
DA:40,1
DA:41,4
DA:42,4
DA:57,1
DA:65,1
DA:67,5
DA:68,2
DA:69,2
DA:79,1
DA:87,1
DA:91,1
DA:94,2
DA:95,2
DA:96,1
DA:98,2
DA:99,1
DA:100,1
DA:101,1
DA:102,1
DA:103,1
DA:104,2
DA:105,1
DA:108,1
DA:111,2
DA:113,4
DA:114,3
DA:116,4
DA:117,2
DA:118,4
DA:121,3
DA:122,7
DA:124,4
DA:125,3
DA:127,3
DA:128,7
DA:130,1
DA:131,5
DA:132,3
DA:134,2
DA:135,2
DA:136,3
DA:139,0
DA:140,0
DA:141,0
DA:145,4
DA:147,1
DA:153,2
DA:157,1
DA:161,2
DA:162,0
DA:163,1
DA:164,0
DA:166,0
DA:169,0
DA:170,0
DA:171,0
DA:172,0
DA:175,1
DA:183,1
DA:192,1
DA:196,1
DA:199,2
DA:200,2
DA:201,1
DA:203,2
DA:204,1
DA:205,1
DA:206,0
DA:212,1
DA:213,0
DA:219,1
DA:221,1
DA:222,1
DA:223,2
DA:224,1
DA:226,1
DA:228,1
DA:229,3
DA:231,1
DA:232,4
DA:234,4
DA:239,2
DA:240,0
DA:241,1
DA:242,0
DA:244,0
DA:246,0
DA:247,0
DA:248,0
DA:252,1
DA:260,1
DA:261,1
DA:263,2
DA:265,1
DA:266,1
DA:269,2
DA:273,3
LF:99
LH:81
LF:99
LH:81
Coverage: 81.82%
end_of_record
SF:C:\Users\HP\tools\pkgs\coverage\lib\src\hitmap.dart
DA:14,6
DA:19,6
DA:47,6
DA:53,6
DA:56,6
DA:58,12
DA:59,6
DA:65,6
DA:68,2
DA:69,1
DA:76,2
DA:78,2
DA:79,2
DA:82,4
DA:83,6
DA:84,8
DA:86,2
DA:89,2
DA:93,1
DA:99,6
DA:100,6
DA:102,6
DA:103,4
DA:107,6
DA:110,4
DA:111,6
DA:112,2
DA:116,4
DA:117,6
DA:118,6
DA:125,6
DA:126,12
DA:127,12
DA:130,6
DA:132,6
DA:137,18
DA:138,6
DA:139,6
DA:141,6
DA:143,18
DA:144,0
DA:146,0
DA:147,0
DA:148,0
DA:149,0
DA:150,0
DA:152,0
DA:155,0
DA:160,6
DA:161,18
DA:162,6
DA:163,6
DA:164,9
DA:166,6
DA:167,6
DA:168,3
DA:169,9
DA:170,9
DA:171,6
DA:174,6
DA:175,4
DA:176,6
DA:185,6
DA:191,6
DA:193,6
DA:195,6
DA:200,1
DA:206,1
DA:207,2
DA:208,1
DA:209,1
DA:210,1
DA:211,1
DA:212,2
DA:213,1
DA:227,1
DA:228,2
DA:229,1
DA:231,3
DA:232,1
DA:233,1
DA:234,3
DA:236,1
DA:237,1
DA:238,3
DA:239,2
DA:242,1
DA:243,0
DA:244,0
DA:247,1
DA:252,1
DA:253,2
DA:254,1
DA:256,1
DA:258,2
DA:266,6
DA:282,1
DA:289,1
DA:295,4
DA:299,1
DA:302,2
DA:303,1
DA:305,2
DA:306,1
DA:308,1
DA:310,2
DA:314,1
DA:320,1
DA:328,1
DA:332,4
DA:336,0
DA:338,0
DA:341,4
DA:342,4
DA:343,8
DA:344,4
DA:345,4
DA:351,4
DA:352,4
DA:353,8
DA:354,8
DA:358,12
DA:359,4
DA:362,12
DA:363,4
DA:364,6
DA:365,4
DA:366,6
DA:367,4
DA:368,6
DA:372,6
DA:373,6
DA:374,24
DA:375,6
DA:376,6
DA:378,0
DA:379,30
DA:381,30
DA:383,30
DA:384,12
DA:385,6
LF:141
LH:128
LF:141
LH:128
Coverage: 90.78%
end_of_record
SF:C:\Users\HP\tools\pkgs\coverage\lib\src\resolver.dart
DA:12,1
DA:14,0
DA:17,7
DA:25,1
DA:26,1
DA:27,1
DA:30,1
DA:31,1
DA:32,4
DA:33,3
DA:34,1
DA:37,7
DA:42,7
DA:47,1
DA:48,3
DA:60,4
DA:61,4
DA:62,8
DA:63,1
DA:69,3
DA:70,2
DA:73,1
DA:74,3
DA:78,1
DA:79,1
DA:82,2
DA:84,1
DA:87,1
DA:88,2
DA:90,1
DA:92,8
DA:93,4
DA:98,6
DA:99,3
DA:101,3
DA:104,3
DA:105,9
DA:106,6
DA:108,8
DA:109,6
DA:112,6
DA:117,4
DA:118,4
DA:119,4
DA:120,4
DA:121,8
DA:124,1
DA:125,2
DA:126,1
DA:128,3
DA:129,1
DA:130,4
DA:134,3
DA:135,6
DA:137,3
DA:138,12
DA:146,1
DA:152,1
DA:154,1
DA:155,2
DA:159,2
DA:161,2
DA:163,2
DA:165,4
DA:166,2
DA:167,1
DA:168,2
DA:169,2
DA:173,4
DA:174,1
DA:177,0
DA:181,1
DA:182,2
DA:183,1
DA:184,3
DA:185,1
DA:187,2
DA:190,1
DA:192,1
DA:193,2
DA:194,1
DA:195,1
DA:196,1
DA:197,1
DA:207,1
DA:210,2
DA:212,0
DA:219,2
DA:223,4
DA:225,0
LF:90
LH:86
LF:90
LH:86
Coverage: 95.56%
end_of_record
SF:C:\Users\HP\tools\pkgs\coverage\lib\src\run_and_collect.dart
DA:11,1
DA:16,1
DA:19,0
DA:20,1
DA:21,0
DA:24,2
DA:26,3
DA:29,1
DA:38,2
DA:40,1
DA:41,1
DA:42,0
DA:43,0
LF:13
LH:9
LF:13
LH:9
Coverage: 69.23%
end_of_record
SF:C:\Users\HP\tools\pkgs\coverage\lib\src\isolate_paused_listener.dart
DA:23,4
DA:40,4
DA:41,20
DA:43,8
DA:47,4
DA:48,8
DA:49,4
DA:50,16
DA:54,4
DA:58,4
DA:59,16
DA:61,4
DA:62,4
DA:63,4
DA:64,8
DA:65,8
DA:66,4
DA:68,8
DA:72,4
DA:73,4
DA:74,4
DA:75,8
DA:76,16
DA:77,8
DA:81,4
DA:83,8
DA:87,4
DA:90,8
DA:93,8
DA:95,12
DA:99,4
DA:100,4
DA:101,4
DA:102,8
DA:103,5
DA:104,2
DA:105,1
DA:107,16
DA:108,2
DA:110,2
DA:113,8
DA:114,4
DA:118,4
DA:119,12
DA:121,4
DA:122,8
DA:123,4
DA:124,8
DA:125,8
DA:129,4
DA:138,8
DA:153,4
DA:159,4
DA:160,12
DA:163,4
DA:164,4
DA:166,4
DA:168,12
DA:173,4
DA:174,4
DA:175,8
DA:179,9
DA:181,4
DA:186,8
DA:187,4
DA:188,4
DA:189,8
DA:190,4
DA:191,8
DA:192,4
DA:193,8
DA:198,12
DA:199,4
DA:202,12
DA:203,4
DA:206,12
DA:207,4
DA:208,8
DA:209,12
DA:210,1
DA:216,4
DA:231,12
DA:232,20
DA:234,4
DA:235,8
DA:236,8
DA:239,4
DA:240,8
DA:241,8
DA:244,4
DA:245,8
DA:246,8
DA:249,0
DA:250,0
DA:260,4
DA:266,4
DA:267,4
DA:268,8
DA:270,4
DA:274,4
DA:275,8
DA:276,4
DA:277,4
DA:279,4
LF:104
LH:102
LF:104
LH:102
Coverage: 98.08%
end_of_record
SF:C:\Users\HP\tools\pkgs\coverage\lib\src\coverage_options.dart
DA:6,4
DA:16,1
DA:18,1
DA:19,1
DA:20,1
DA:21,1
DA:24,1
DA:25,1
DA:26,2
DA:28,1
DA:29,1
DA:30,2
DA:34,1
DA:36,1
DA:37,1
DA:38,1
DA:39,1
DA:40,1
DA:41,1
DA:44,2
DA:46,2
DA:60,1
DA:63,1
DA:64,1
DA:67,1
DA:69,1
DA:72,1
DA:73,2
DA:80,1
DA:81,1
DA:83,1
DA:84,2
DA:86,1
DA:90,2
DA:91,1
DA:94,2
DA:95,1
DA:98,4
DA:99,4
DA:100,4
DA:102,4
DA:108,1
DA:109,3
LF:43
LH:43
LF:43
LH:43
Coverage: 100.00%
end_of_record
