SF:C:\Users\HP\tools\pkgs\coverage\lib\src\coverage_options.dart
DA:6,8
DA:16,2
DA:18,2
DA:19,2
DA:20,2
DA:21,2
DA:24,2
DA:25,2
DA:26,4
DA:28,2
DA:29,2
DA:30,4
DA:34,2
DA:36,2
DA:37,2
DA:38,2
DA:39,2
DA:40,2
DA:41,2
DA:44,4
DA:46,4
DA:60,2
DA:63,2
DA:64,2
DA:67,2
DA:69,2
DA:72,2
DA:73,4
DA:80,2
DA:81,2
DA:83,2
DA:84,4
DA:86,2
DA:90,4
DA:91,2
DA:94,4
DA:95,2
DA:98,8
DA:99,8
DA:100,8
DA:102,8
DA:108,2
DA:109,6
LF:43
LH:43
end_of_record
SF:C:\Users\HP\tools\pkgs\coverage\lib\src\chrome.dart
DA:23,0
DA:29,0
DA:30,0
DA:31,0
DA:33,0
DA:38,0
DA:39,0
DA:42,0
DA:46,0
DA:49,0
DA:50,0
DA:51,0
DA:53,0
DA:54,0
DA:55,0
DA:57,0
DA:60,0
DA:62,0
DA:64,0
DA:66,0
DA:67,0
DA:68,0
DA:69,0
DA:70,0
DA:75,0
DA:76,0
DA:77,0
DA:78,0
DA:79,0
DA:81,0
DA:84,0
DA:85,0
DA:86,0
DA:88,0
DA:92,0
DA:99,0
DA:100,0
DA:101,0
DA:104,0
DA:106,0
DA:112,0
DA:113,0
DA:115,0
DA:117,0
DA:118,0
DA:119,0
DA:120,0
DA:121,0
DA:129,0
DA:130,0
DA:134,0
DA:135,0
DA:137,0
DA:138,0
DA:139,0
DA:147,0
DA:160,0
DA:165,0
DA:166,0
DA:168,0
DA:170,0
LF:61
LH:0
end_of_record
SF:C:\Users\HP\tools\pkgs\coverage\lib\src\collect.dart
DA:58,7
DA:75,30
DA:76,5
DA:78,10
DA:81,10
DA:82,5
DA:83,20
DA:84,5
DA:85,5
DA:87,15
DA:88,10
DA:89,10
DA:90,0
DA:93,0
DA:100,7
DA:112,0
DA:118,0
DA:122,7
DA:128,7
DA:137,7
DA:139,7
DA:141,4
DA:144,8
DA:151,7
DA:152,4
DA:157,7
DA:159,7
DA:160,7
DA:165,7
DA:166,7
DA:170,7
DA:171,16
DA:175,2
DA:179,7
DA:187,7
DA:191,5
DA:192,5
DA:194,5
DA:196,10
DA:197,5
DA:199,6
DA:200,2
DA:204,7
DA:207,0
DA:208,0
DA:209,0
DA:210,0
DA:214,0
DA:215,0
DA:216,0
DA:217,0
DA:222,0
DA:232,4
DA:236,8
DA:237,4
DA:238,12
DA:239,8
DA:240,8
DA:243,12
DA:244,12
DA:246,4
DA:253,7
DA:261,7
DA:262,7
DA:266,4
DA:270,4
DA:271,4
DA:272,12
DA:274,4
DA:277,14
DA:279,4
DA:280,12
DA:281,8
DA:284,4
DA:288,8
DA:292,4
DA:294,4
DA:295,4
DA:298,0
DA:299,0
DA:300,0
DA:304,12
DA:305,8
DA:306,12
DA:309,21
DA:310,21
DA:311,7
DA:312,7
DA:318,7
DA:326,8
DA:329,14
DA:332,14
DA:335,7
DA:339,4
DA:344,4
DA:345,4
DA:346,4
DA:348,12
DA:349,4
DA:350,12
DA:351,4
DA:354,4
DA:355,12
DA:357,12
DA:358,4
DA:359,12
DA:360,4
DA:368,7
DA:372,7
DA:374,14
DA:375,7
DA:380,8
DA:381,12
DA:385,21
DA:386,14
DA:387,4
DA:388,15
DA:389,8
DA:392,21
DA:393,21
DA:394,4
DA:396,15
DA:397,12
DA:400,7
DA:402,8
DA:403,12
DA:404,8
DA:406,12
DA:407,12
DA:413,7
DA:414,14
DA:415,14
DA:421,28
DA:424,4
DA:426,4
DA:427,0
DA:429,4
DA:430,4
DA:431,12
DA:432,16
DA:434,4
DA:438,0
DA:439,0
DA:441,0
DA:442,0
DA:446,7
DA:451,7
DA:453,4
DA:454,8
DA:456,8
DA:457,4
LF:151
LH:130
end_of_record
SF:C:\Users\HP\tools\pkgs\coverage\lib\src\formatter.dart
DA:31,2
DA:37,2
DA:39,2
DA:40,8
DA:41,8
DA:56,2
DA:64,2
DA:66,10
DA:67,4
DA:68,4
DA:78,2
DA:85,2
DA:89,2
DA:92,4
DA:93,4
DA:94,2
DA:96,4
DA:97,2
DA:98,2
DA:99,2
DA:100,2
DA:101,2
DA:102,4
DA:103,2
DA:106,2
DA:109,4
DA:111,8
DA:112,6
DA:114,8
DA:115,4
DA:116,8
DA:119,6
DA:120,14
DA:122,8
DA:123,6
DA:125,6
DA:126,14
DA:128,8
DA:129,2
DA:135,4
DA:139,2
DA:143,4
DA:144,0
DA:145,2
DA:146,0
DA:148,0
DA:151,0
DA:152,0
DA:153,0
DA:154,0
DA:157,2
DA:165,2
DA:174,2
DA:178,2
DA:181,4
DA:182,4
DA:183,2
DA:185,4
DA:186,2
DA:187,2
DA:188,0
DA:194,2
DA:195,0
DA:201,2
DA:203,2
DA:204,2
DA:205,4
DA:206,2
DA:208,2
DA:210,2
DA:211,6
DA:213,2
DA:214,8
DA:216,8
DA:221,4
DA:222,0
DA:223,2
DA:224,0
DA:226,0
DA:228,0
DA:229,0
DA:230,0
DA:234,2
DA:242,2
DA:243,2
DA:245,4
DA:247,2
DA:248,2
DA:251,4
DA:255,6
LF:90
LH:75
end_of_record
SF:C:\Users\HP\tools\pkgs\coverage\lib\src\hitmap.dart
DA:14,11
DA:19,11
DA:47,11
DA:53,11
DA:56,11
DA:58,22
DA:59,11
DA:65,11
DA:68,3
DA:69,1
DA:76,3
DA:78,3
DA:79,3
DA:82,6
DA:83,9
DA:84,12
DA:86,3
DA:89,3
DA:93,1
DA:99,11
DA:100,11
DA:102,11
DA:103,6
DA:107,9
DA:110,6
DA:111,9
DA:112,3
DA:116,6
DA:117,9
DA:118,9
DA:125,11
DA:126,22
DA:127,22
DA:130,11
DA:132,11
DA:137,33
DA:138,11
DA:139,11
DA:141,11
DA:143,33
DA:144,0
DA:146,0
DA:147,0
DA:148,0
DA:149,0
DA:150,0
DA:152,0
DA:155,0
DA:160,11
DA:161,33
DA:162,11
DA:163,12
DA:164,18
DA:166,11
DA:167,12
DA:168,6
DA:169,18
DA:170,18
DA:171,12
DA:174,11
DA:175,8
DA:176,12
DA:185,11
DA:191,11
DA:193,11
DA:195,11
DA:200,2
DA:206,2
DA:207,4
DA:208,2
DA:209,2
DA:210,2
DA:211,2
DA:212,4
DA:213,2
DA:227,2
DA:228,4
DA:229,2
DA:231,6
DA:232,2
DA:233,2
DA:234,6
DA:236,2
DA:237,2
DA:238,6
DA:239,4
DA:242,2
DA:243,0
DA:244,0
DA:247,2
DA:252,2
DA:253,4
DA:254,2
DA:256,2
DA:258,4
DA:266,11
DA:282,2
DA:289,2
DA:295,8
DA:299,2
DA:302,4
DA:303,2
DA:305,4
DA:306,2
DA:308,2
DA:310,4
DA:314,2
DA:320,2
DA:328,2
DA:332,8
DA:336,0
DA:338,0
DA:341,7
DA:342,7
DA:343,14
DA:344,7
DA:345,7
DA:351,7
DA:352,7
DA:353,14
DA:354,14
DA:358,21
DA:359,7
DA:362,21
DA:363,7
DA:364,12
DA:365,7
DA:366,12
DA:367,7
DA:368,12
DA:372,11
DA:373,11
DA:374,44
DA:375,11
DA:376,11
DA:378,0
DA:379,55
DA:381,55
DA:383,55
DA:384,22
DA:385,11
LF:141
LH:128
end_of_record
SF:C:\Users\HP\tools\pkgs\coverage\lib\src\resolver.dart
DA:13,2
DA:17,0
DA:20,13
DA:28,2
DA:29,2
DA:30,2
DA:33,2
DA:34,2
DA:35,8
DA:36,6
DA:37,2
DA:40,13
DA:45,13
DA:50,2
DA:51,6
DA:63,7
DA:64,7
DA:65,14
DA:66,2
DA:72,6
DA:73,4
DA:76,2
DA:77,6
DA:81,2
DA:82,2
DA:85,4
DA:87,2
DA:90,2
DA:91,4
DA:93,2
DA:95,14
DA:96,7
DA:101,12
DA:102,6
DA:104,6
DA:107,6
DA:108,18
DA:109,12
DA:111,14
DA:112,10
DA:115,12
DA:120,7
DA:121,7
DA:122,7
DA:123,7
DA:124,14
DA:127,2
DA:128,4
DA:129,2
DA:131,6
DA:132,2
DA:133,8
DA:137,6
DA:138,12
DA:140,6
DA:141,24
DA:149,2
DA:155,2
DA:157,2
DA:158,4
DA:162,4
DA:164,4
DA:166,4
DA:168,8
DA:169,4
DA:170,2
DA:171,4
DA:172,4
DA:176,8
DA:177,2
DA:180,0
DA:184,2
DA:185,4
DA:186,2
DA:187,6
DA:188,2
DA:190,4
DA:193,2
DA:195,2
DA:196,4
DA:197,2
DA:198,2
DA:199,2
DA:200,2
DA:210,2
DA:213,4
DA:215,0
DA:222,3
DA:226,6
DA:228,0
LF:90
LH:86
end_of_record
SF:C:\Users\HP\tools\pkgs\coverage\lib\src\run_and_collect.dart
DA:11,2
DA:16,2
DA:19,0
DA:20,2
DA:21,0
DA:24,4
DA:26,6
DA:29,1
DA:38,2
DA:40,1
DA:41,1
DA:42,0
DA:43,0
LF:13
LH:9
end_of_record
SF:C:\Users\HP\tools\pkgs\coverage\lib\src\isolate_paused_listener.dart
DA:23,7
DA:40,7
DA:41,35
DA:43,14
DA:47,7
DA:48,14
DA:49,7
DA:50,28
DA:54,7
DA:58,7
DA:59,28
DA:61,7
DA:62,7
DA:63,7
DA:64,14
DA:65,14
DA:66,7
DA:68,14
DA:72,7
DA:73,7
DA:74,7
DA:75,14
DA:76,28
DA:77,14
DA:81,7
DA:83,14
DA:87,7
DA:90,14
DA:93,14
DA:95,21
DA:99,7
DA:100,7
DA:101,7
DA:102,14
DA:103,9
DA:104,4
DA:105,2
DA:107,28
DA:108,4
DA:110,4
DA:113,14
DA:114,7
DA:118,7
DA:119,21
DA:121,7
DA:122,14
DA:123,7
DA:124,14
DA:125,14
DA:129,7
DA:138,14
DA:153,7
DA:159,7
DA:160,21
DA:163,7
DA:164,7
DA:166,7
DA:168,21
DA:173,7
DA:174,7
DA:175,14
DA:179,16
DA:181,7
DA:186,14
DA:187,7
DA:188,7
DA:189,14
DA:190,7
DA:191,14
DA:192,7
DA:193,14
DA:198,21
DA:199,7
DA:202,21
DA:203,7
DA:206,21
DA:207,7
DA:208,14
DA:209,21
DA:210,2
DA:216,7
DA:231,21
DA:232,35
DA:234,7
DA:235,14
DA:236,14
DA:239,7
DA:240,14
DA:241,14
DA:244,7
DA:245,14
DA:246,14
DA:249,0
DA:250,0
DA:260,7
DA:266,7
DA:267,7
DA:268,14
DA:270,4
DA:274,7
DA:275,14
DA:276,4
DA:277,4
DA:279,7
LF:104
LH:102
end_of_record
SF:C:\Users\HP\tools\pkgs\coverage\lib\src\util.dart
DA:14,7
DA:18,7
DA:20,5
DA:23,10
DA:25,4
DA:26,2
DA:27,2
DA:28,4
DA:32,14
DA:35,7
DA:38,2
DA:49,12
DA:50,12
DA:53,12
DA:55,22
DA:61,8
DA:65,16
DA:69,0
DA:73,8
DA:75,8
DA:79,15
DA:80,15
DA:81,15
DA:82,15
DA:106,5
DA:107,5
DA:110,5
DA:111,10
DA:116,10
DA:117,15
DA:119,15
DA:120,2
DA:121,4
DA:125,35
DA:127,15
DA:130,5
DA:131,10
DA:132,15
DA:133,15
DA:134,4
DA:135,2
DA:141,15
DA:142,20
DA:146,5
DA:150,4
DA:151,2
DA:156,5
DA:167,2
DA:168,6
DA:171,10
DA:173,10
DA:174,20
DA:175,10
DA:176,10
DA:178,9
DA:182,10
DA:185,9
DA:186,20
LF:58
LH:57
end_of_record
